0 info it worked if it ends with ok
1 verbose cli [ '/usr/bin/node', '/usr/bin/npm', 'install', '-g', 'bower' ]
2 info using npm@1.4.14
3 info using node@v0.10.29
4 verbose node symlink /usr/bin/node
5 verbose cache add [ 'bower', null ]
6 verbose cache add name=undefined spec="bower" args=["bower",null]
7 verbose parsed url { protocol: null,
7 verbose parsed url   slashes: null,
7 verbose parsed url   auth: null,
7 verbose parsed url   host: null,
7 verbose parsed url   port: null,
7 verbose parsed url   hostname: null,
7 verbose parsed url   hash: null,
7 verbose parsed url   search: null,
7 verbose parsed url   query: null,
7 verbose parsed url   pathname: 'bower',
7 verbose parsed url   path: 'bower',
7 verbose parsed url   href: 'bower' }
8 silly lockFile 206e3ce5-bower bower
9 verbose lock bower /home/ksuszynski/.npm/206e3ce5-bower.lock
10 silly lockFile 206e3ce5-bower bower
11 silly lockFile 206e3ce5-bower bower
12 verbose addNamed [ 'bower', '' ]
13 verbose addNamed [ null, '*' ]
14 silly lockFile 1240aab1-bower bower@
15 verbose lock bower@ /home/ksuszynski/.npm/1240aab1-bower.lock
16 silly addNameRange { name: 'bower', range: '*', hasData: false }
17 verbose url raw bower
18 verbose url resolving [ 'https://registry.npmjs.org/', './bower' ]
19 verbose url resolved https://registry.npmjs.org/bower
20 info trying registry request attempt 1 at 01:12:49
21 http GET https://registry.npmjs.org/bower
22 http 200 https://registry.npmjs.org/bower
23 silly registry.get cb [ 200,
23 silly registry.get   { date: 'Fri, 12 Dec 2014 00:12:49 GMT',
23 silly registry.get     server: 'CouchDB/1.5.0 (Erlang OTP/R16B03)',
23 silly registry.get     etag: '"DCGZM0J022KAQ04655ONEHMK2"',
23 silly registry.get     'content-type': 'application/json',
23 silly registry.get     'cache-control': 'max-age=60',
23 silly registry.get     'content-length': '105650',
23 silly registry.get     'accept-ranges': 'bytes',
23 silly registry.get     via: '1.1 varnish',
23 silly registry.get     age: '13',
23 silly registry.get     'x-served-by': 'cache-fra1239-FRA',
23 silly registry.get     'x-cache': 'HIT',
23 silly registry.get     'x-cache-hits': '1',
23 silly registry.get     'x-timer': 'S1418343169.715637,VS0,VE0',
23 silly registry.get     vary: 'Accept',
23 silly registry.get     'keep-alive': 'timeout=10, max=50',
23 silly registry.get     connection: 'Keep-Alive' } ]
24 silly addNameRange number 2 { name: 'bower', range: '*', hasData: true }
25 silly addNameRange versions [ 'bower',
25 silly addNameRange   [ '0.1.0',
25 silly addNameRange     '0.1.2',
25 silly addNameRange     '0.1.3',
25 silly addNameRange     '0.2.0',
25 silly addNameRange     '0.3.0',
25 silly addNameRange     '0.3.1',
25 silly addNameRange     '0.3.2',
25 silly addNameRange     '0.4.0',
25 silly addNameRange     '0.5.0',
25 silly addNameRange     '0.5.1',
25 silly addNameRange     '0.6.0',
25 silly addNameRange     '0.6.1',
25 silly addNameRange     '0.6.2',
25 silly addNameRange     '0.6.3',
25 silly addNameRange     '0.6.4',
25 silly addNameRange     '0.6.5',
25 silly addNameRange     '0.6.6',
25 silly addNameRange     '0.6.7',
25 silly addNameRange     '0.6.8',
25 silly addNameRange     '0.7.0',
25 silly addNameRange     '0.7.1',
25 silly addNameRange     '0.8.0',
25 silly addNameRange     '0.8.1',
25 silly addNameRange     '0.8.2',
25 silly addNameRange     '0.8.3',
25 silly addNameRange     '0.8.4',
25 silly addNameRange     '0.8.5',
25 silly addNameRange     '0.8.6',
25 silly addNameRange     '0.9.0',
25 silly addNameRange     '0.9.1',
25 silly addNameRange     '0.9.2',
25 silly addNameRange     '0.10.0',
25 silly addNameRange     '1.0.0',
25 silly addNameRange     '1.0.1',
25 silly addNameRange     '1.0.2',
25 silly addNameRange     '1.0.3',
25 silly addNameRange     '1.1.0',
25 silly addNameRange     '1.1.1',
25 silly addNameRange     '1.1.2',
25 silly addNameRange     '1.2.0',
25 silly addNameRange     '1.2.1',
25 silly addNameRange     '1.2.2',
25 silly addNameRange     '1.2.3',
25 silly addNameRange     '1.2.4',
25 silly addNameRange     '1.2.5',
25 silly addNameRange     '1.2.6',
25 silly addNameRange     '1.2.7',
25 silly addNameRange     '1.2.8',
25 silly addNameRange     '1.3.0',
25 silly addNameRange     '1.3.1',
25 silly addNameRange     '1.3.2',
25 silly addNameRange     '1.3.3',
25 silly addNameRange     '1.3.4',
25 silly addNameRange     '1.3.5',
25 silly addNameRange     '1.3.6',
25 silly addNameRange     '1.3.7',
25 silly addNameRange     '1.3.8',
25 silly addNameRange     '1.3.9',
25 silly addNameRange     '1.3.10',
25 silly addNameRange     '1.3.11',
25 silly addNameRange     '1.3.12' ] ]
26 verbose addNamed [ 'bower', '1.3.12' ]
27 verbose addNamed [ '1.3.12', '1.3.12' ]
28 silly lockFile 9819431c-bower-1-3-12 bower@1.3.12
29 verbose lock bower@1.3.12 /home/ksuszynski/.npm/9819431c-bower-1-3-12.lock
30 silly lockFile b05fd70b-npmjs-org-bower-bower-1-3-12-tgz https://registry.npmjs.org/bower/-/bower-1.3.12.tgz
31 verbose lock https://registry.npmjs.org/bower/-/bower-1.3.12.tgz /home/ksuszynski/.npm/b05fd70b-npmjs-org-bower-bower-1-3-12-tgz.lock
32 verbose addRemoteTarball [ 'https://registry.npmjs.org/bower/-/bower-1.3.12.tgz',
32 verbose addRemoteTarball   '37de0edb3904baf90aee13384a1a379a05ee214c' ]
33 info retry fetch attempt 1 at 01:12:49
34 verbose fetch to= /home/ksuszynski/tmp/npm-2871-XXbrAwI0/registry.npmjs.org/bower/-/bower-1.3.12.tgz
35 http GET https://registry.npmjs.org/bower/-/bower-1.3.12.tgz
36 http 200 https://registry.npmjs.org/bower/-/bower-1.3.12.tgz
37 silly lockFile b05fd70b-npmjs-org-bower-bower-1-3-12-tgz https://registry.npmjs.org/bower/-/bower-1.3.12.tgz
38 silly lockFile b05fd70b-npmjs-org-bower-bower-1-3-12-tgz https://registry.npmjs.org/bower/-/bower-1.3.12.tgz
39 silly lockFile 9819431c-bower-1-3-12 bower@1.3.12
40 silly lockFile 9819431c-bower-1-3-12 bower@1.3.12
41 silly lockFile 1240aab1-bower bower@
42 silly lockFile 1240aab1-bower bower@
43 silly resolved [ { name: 'bower',
43 silly resolved     version: '1.3.12',
43 silly resolved     description: 'The browser package manager',
43 silly resolved     author: { name: 'Twitter' },
43 silly resolved     licenses: [ [Object] ],
43 silly resolved     repository: { type: 'git', url: 'https://github.com/bower/bower' },
43 silly resolved     main: 'lib',
43 silly resolved     homepage: 'http://bower.io',
43 silly resolved     engines: { node: '>=0.10.0' },
43 silly resolved     dependencies:
43 silly resolved      { abbrev: '~1.0.4',
43 silly resolved        archy: '0.0.2',
43 silly resolved        'bower-config': '~0.5.2',
43 silly resolved        'bower-endpoint-parser': '~0.2.2',
43 silly resolved        'bower-json': '~0.4.0',
43 silly resolved        'bower-logger': '~0.2.2',
43 silly resolved        'bower-registry-client': '~0.2.0',
43 silly resolved        cardinal: '0.4.0',
43 silly resolved        chalk: '0.5.0',
43 silly resolved        chmodr: '0.1.0',
43 silly resolved        'decompress-zip': '0.0.8',
43 silly resolved        fstream: '~1.0.2',
43 silly resolved        'fstream-ignore': '~1.0.1',
43 silly resolved        glob: '~4.0.2',
43 silly resolved        'graceful-fs': '~3.0.1',
43 silly resolved        handlebars: '~2.0.0',
43 silly resolved        inquirer: '0.7.1',
43 silly resolved        insight: '0.4.3',
43 silly resolved        'is-root': '~1.0.0',
43 silly resolved        junk: '~1.0.0',
43 silly resolved        lockfile: '~1.0.0',
43 silly resolved        'lru-cache': '~2.5.0',
43 silly resolved        mkdirp: '0.5.0',
43 silly resolved        mout: '~0.9.0',
43 silly resolved        nopt: '~3.0.0',
43 silly resolved        opn: '~1.0.0',
43 silly resolved        osenv: '0.1.0',
43 silly resolved        'p-throttler': '0.1.0',
43 silly resolved        promptly: '0.2.0',
43 silly resolved        q: '~1.0.1',
43 silly resolved        request: '~2.42.0',
43 silly resolved        'request-progress': '0.3.0',
43 silly resolved        retry: '0.6.0',
43 silly resolved        rimraf: '~2.2.0',
43 silly resolved        semver: '~2.3.0',
43 silly resolved        'shell-quote': '~1.4.1',
43 silly resolved        'stringify-object': '~1.0.0',
43 silly resolved        'tar-fs': '0.5.2',
43 silly resolved        tmp: '0.0.23',
43 silly resolved        'update-notifier': '0.2.0',
43 silly resolved        which: '~1.0.5' },
43 silly resolved     devDependencies:
43 silly resolved      { coveralls: '~2.11.0',
43 silly resolved        'expect.js': '~0.3.1',
43 silly resolved        grunt: '~0.4.4',
43 silly resolved        'grunt-cli': '^0.1.13',
43 silly resolved        'grunt-contrib-jshint': '~0.10.0',
43 silly resolved        'grunt-contrib-watch': '~0.6.1',
43 silly resolved        'grunt-exec': '~0.4.2',
43 silly resolved        'grunt-simple-mocha': '~0.4.0',
43 silly resolved        istanbul: '~0.3.2',
43 silly resolved        'load-grunt-tasks': '~0.6.0',
43 silly resolved        mocha: '~1.21.4',
43 silly resolved        nock: '~0.46.0',
43 silly resolved        'node-uuid': '~1.4.1',
43 silly resolved        proxyquire: '~1.0.1' },
43 silly resolved     scripts: { test: 'grunt test' },
43 silly resolved     bin: { bower: 'bin/bower' },
43 silly resolved     preferGlobal: true,
43 silly resolved     gitHead: 'b26c072f0db054a1902ec4d2e3726dbf8a1c799a',
43 silly resolved     bugs: { url: 'https://github.com/bower/bower/issues' },
43 silly resolved     _id: 'bower@1.3.12',
43 silly resolved     _shasum: '37de0edb3904baf90aee13384a1a379a05ee214c',
43 silly resolved     _from: 'bower@',
43 silly resolved     _npmVersion: '2.0.0',
43 silly resolved     _npmUser: { name: 'sheerun', email: 'sheerun@sher.pl' },
43 silly resolved     maintainers: [ [Object], [Object], [Object], [Object], [Object], [Object] ],
43 silly resolved     dist:
43 silly resolved      { shasum: '37de0edb3904baf90aee13384a1a379a05ee214c',
43 silly resolved        tarball: 'http://registry.npmjs.org/bower/-/bower-1.3.12.tgz' },
43 silly resolved     directories: {},
43 silly resolved     _resolved: 'https://registry.npmjs.org/bower/-/bower-1.3.12.tgz' } ]
44 info install bower@1.3.12 into /usr/lib
45 info installOne bower@1.3.12
46 info /usr/lib/node_modules/bower unbuild
47 verbose tar unpack /home/ksuszynski/.npm/bower/1.3.12/package.tgz
48 silly lockFile 6f53a3f9-tar-usr-lib-node-modules-bower tar:///usr/lib/node_modules/bower
49 verbose lock tar:///usr/lib/node_modules/bower /home/ksuszynski/.npm/6f53a3f9-tar-usr-lib-node-modules-bower.lock
50 silly lockFile 2880e722-ski-npm-bower-1-3-12-package-tgz tar:///home/ksuszynski/.npm/bower/1.3.12/package.tgz
51 verbose lock tar:///home/ksuszynski/.npm/bower/1.3.12/package.tgz /home/ksuszynski/.npm/2880e722-ski-npm-bower-1-3-12-package-tgz.lock
52 silly gunzTarPerm modes [ '755', '644' ]
53 error Error: EACCES, mkdir '/usr/lib/node_modules/bower'
53 error  { [Error: EACCES, mkdir '/usr/lib/node_modules/bower']
53 error   errno: 3,
53 error   code: 'EACCES',
53 error   path: '/usr/lib/node_modules/bower',
53 error   fstream_type: 'Directory',
53 error   fstream_path: '/usr/lib/node_modules/bower',
53 error   fstream_class: 'DirWriter',
53 error   fstream_stack:
53 error    [ '/usr/lib/node_modules/npm/node_modules/fstream/lib/dir-writer.js:36:23',
53 error      '/usr/lib/node_modules/npm/node_modules/mkdirp/index.js:37:53',
53 error      'Object.oncomplete (fs.js:107:15)' ] }
54 error Please try running this command again as root/Administrator.
55 error System Linux 3.11.0-26-generic
56 error command "/usr/bin/node" "/usr/bin/npm" "install" "-g" "bower"
57 error cwd /home/ksuszynski/git/puppet-herald
58 error node -v v0.10.29
59 error npm -v 1.4.14
60 error path /usr/lib/node_modules/bower
61 error fstream_path /usr/lib/node_modules/bower
62 error fstream_type Directory
63 error fstream_class DirWriter
64 error code EACCES
65 error errno 3
66 error stack Error: EACCES, mkdir '/usr/lib/node_modules/bower'
67 error fstream_stack /usr/lib/node_modules/npm/node_modules/fstream/lib/dir-writer.js:36:23
67 error fstream_stack /usr/lib/node_modules/npm/node_modules/mkdirp/index.js:37:53
67 error fstream_stack Object.oncomplete (fs.js:107:15)
68 verbose exit [ 3, true ]
